<?xml version="1.0" encoding="UTF-8"?>
<!-- Generated by org.testng.reporters.JUnitXMLReporter -->
<testsuite hostname="DESKTOP-MEBP75C" ignored="0" name="Testing Of The-Internet" tests="26" failures="1" timestamp="2020-06-29T18:59:09 IST" time="762.798" errors="0">
  <testcase name="@BeforeClass launchBrowser" time="47.268" classname="com.selenium.demo.pages.WebDriverInit">
    <failure type="org.openqa.selenium.WebDriverException" message="Reached error page: about:neterror?e=dnsNotFound&amp;amp;u=http%3A//the-internet.herokuapp.com/&amp;amp;c=UTF-8&amp;amp;d=We%20can%E2%80%99t%20connect%20to%20the%20server%20at%20the-internet.herokuapp.com.
Build info: version: &amp;apos;3.141.59&amp;apos;, revision: &amp;apos;e82be7d358&amp;apos;, time: &amp;apos;2018-11-14T08:25:48&amp;apos;
System info: host: &amp;apos;DESKTOP-MEBP75C&amp;apos;, ip: &amp;apos;192.168.43.7&amp;apos;, os.name: &amp;apos;Windows 10&amp;apos;, os.arch: &amp;apos;amd64&amp;apos;, os.version: &amp;apos;10.0&amp;apos;, java.version: &amp;apos;1.8.0_171&amp;apos;
Driver info: org.openqa.selenium.firefox.FirefoxDriver
Capabilities {acceptInsecureCerts: true, browserName: firefox, browserVersion: 77.0.1, javascriptEnabled: true, moz:accessibilityChecks: false, moz:buildID: 20200602222727, moz:geckodriverVersion: 0.26.0, moz:headless: false, moz:processID: 6300, moz:profile: C:\Users\Ashwini\AppData\Lo..., moz:shutdownTimeout: 60000, moz:useNonSpecCompliantPointerOrigin: false, moz:webdriverClick: true, pageLoadStrategy: normal, platform: WINDOWS, platformName: WINDOWS, platformVersion: 10.0, rotatable: false, setWindowRect: true, strictFileInteractability: false, timeouts: {implicit: 0, pageLoad: 300000, script: 30000}, unhandledPromptBehavior: dismiss and notify}
Session ID: 656ef1a1-f6d4-4639-a756-4371d96256e0">
      <![CDATA[org.openqa.selenium.WebDriverException: Reached error page: about:neterror?e=dnsNotFound&u=http%3A//the-internet.herokuapp.com/&c=UTF-8&d=We%20can%E2%80%99t%20connect%20to%20the%20server%20at%20the-internet.herokuapp.com.
Build info: version: '3.141.59', revision: 'e82be7d358', time: '2018-11-14T08:25:48'
System info: host: 'DESKTOP-MEBP75C', ip: '192.168.43.7', os.name: 'Windows 10', os.arch: 'amd64', os.version: '10.0', java.version: '1.8.0_171'
Driver info: org.openqa.selenium.firefox.FirefoxDriver
Capabilities {acceptInsecureCerts: true, browserName: firefox, browserVersion: 77.0.1, javascriptEnabled: true, moz:accessibilityChecks: false, moz:buildID: 20200602222727, moz:geckodriverVersion: 0.26.0, moz:headless: false, moz:processID: 6300, moz:profile: C:\Users\Ashwini\AppData\Lo..., moz:shutdownTimeout: 60000, moz:useNonSpecCompliantPointerOrigin: false, moz:webdriverClick: true, pageLoadStrategy: normal, platform: WINDOWS, platformName: WINDOWS, platformVersion: 10.0, rotatable: false, setWindowRect: true, strictFileInteractability: false, timeouts: {implicit: 0, pageLoad: 300000, script: 30000}, unhandledPromptBehavior: dismiss and notify}
Session ID: 656ef1a1-f6d4-4639-a756-4371d96256e0
at org.openqa.selenium.remote.http.W3CHttpResponseCodec.createException(W3CHttpResponseCodec.java:187)
at org.openqa.selenium.remote.http.W3CHttpResponseCodec.decode(W3CHttpResponseCodec.java:122)
at org.openqa.selenium.remote.http.W3CHttpResponseCodec.decode(W3CHttpResponseCodec.java:49)
at org.openqa.selenium.remote.HttpCommandExecutor.execute(HttpCommandExecutor.java:158)
at org.openqa.selenium.remote.service.DriverCommandExecutor.execute(DriverCommandExecutor.java:83)
at org.openqa.selenium.remote.RemoteWebDriver.execute(RemoteWebDriver.java:552)
at org.openqa.selenium.remote.RemoteWebDriver.get(RemoteWebDriver.java:277)
at com.selenium.demo.pages.WebDriverInit.launchBrowser(WebDriverInit.java:45)
at java.util.ArrayList.forEach(ArrayList.java:1257)
... Removed 29 stack frames]]>
    </failure>
  </testcase> <!-- @BeforeClass launchBrowser -->
  <testcase name="@AfterClass closeDriver" time="-1.593437221945E9" classname="com.selenium.demo.pages.WebDriverInit">
    <skipped/>
  </testcase> <!-- @AfterClass closeDriver -->
  <testcase name="testFirstHeader" time="1.339" classname="com.selenium.demo.tests.TestHomePage"/>
  <testcase name="testSecondHeader" time="0.253" classname="com.selenium.demo.tests.TestHomePage"/>
  <testcase name="tsetClickOnLink" time="221.733" classname="com.selenium.demo.tests.TestHomePage"/>
  <testcase name="testHeader" time="2.315" classname="com.selenium.demo.tests.TestABElements"/>
  <testcase name="testContent" time="0.065" classname="com.selenium.demo.tests.TestABElements"/>
  <testcase name="testHeader" time="4.188" classname="com.selenium.demo.tests.TestARElements"/>
  <testcase name="testAddButton" time="1.311" classname="com.selenium.demo.tests.TestARElements"/>
  <testcase name="testDelButton" time="0.952" classname="com.selenium.demo.tests.TestARElements"/>
  <testcase name="testHeaderCheckBox" time="3.64" classname="com.selenium.demo.tests.CheckBoxPageTest"/>
  <testcase name="testfrstCheckBox" time="0.454" classname="com.selenium.demo.tests.CheckBoxPageTest"/>
  <testcase name="testSecndCheckBox" time="0.068" classname="com.selenium.demo.tests.CheckBoxPageTest"/>
  <testcase name="sucessTestAuthontication" time="7.665" classname="com.selenium.demo.tests.BasicAuthTest"/>
  <testcase name="sucessTestAuthontication" time="3.437" classname="com.selenium.demo.tests.BasicAuthTest">
    <failure type="org.openqa.selenium.UnhandledAlertException" message="Dismissed user prompt dialog: http://the-internet.herokuapp.com is requesting your username and password. The site says: “Restricted Area”: 
Build info: version: &amp;apos;3.141.59&amp;apos;, revision: &amp;apos;e82be7d358&amp;apos;, time: &amp;apos;2018-11-14T08:25:48&amp;apos;
System info: host: &amp;apos;DESKTOP-MEBP75C&amp;apos;, ip: &amp;apos;192.168.43.7&amp;apos;, os.name: &amp;apos;Windows 10&amp;apos;, os.arch: &amp;apos;amd64&amp;apos;, os.version: &amp;apos;10.0&amp;apos;, java.version: &amp;apos;1.8.0_171&amp;apos;
Driver info: org.openqa.selenium.firefox.FirefoxDriver
Capabilities {acceptInsecureCerts: true, browserName: firefox, browserVersion: 77.0.1, javascriptEnabled: true, moz:accessibilityChecks: false, moz:buildID: 20200602222727, moz:geckodriverVersion: 0.26.0, moz:headless: false, moz:processID: 7212, moz:profile: C:\Users\Ashwini\AppData\Lo..., moz:shutdownTimeout: 60000, moz:useNonSpecCompliantPointerOrigin: false, moz:webdriverClick: true, pageLoadStrategy: normal, platform: WINDOWS, platformName: WINDOWS, platformVersion: 10.0, rotatable: false, setWindowRect: true, strictFileInteractability: false, timeouts: {implicit: 0, pageLoad: 300000, script: 30000}, unhandledPromptBehavior: dismiss and notify}
Session ID: 0b774bf5-cc2a-4e53-b35f-326f05bf6d0e
*** Element info: {Using=tag name, value=p}">
      <![CDATA[org.openqa.selenium.UnhandledAlertException: Dismissed user prompt dialog: http://the-internet.herokuapp.com is requesting your username and password. The site says: “Restricted Area”: 
Build info: version: '3.141.59', revision: 'e82be7d358', time: '2018-11-14T08:25:48'
System info: host: 'DESKTOP-MEBP75C', ip: '192.168.43.7', os.name: 'Windows 10', os.arch: 'amd64', os.version: '10.0', java.version: '1.8.0_171'
Driver info: org.openqa.selenium.firefox.FirefoxDriver
Capabilities {acceptInsecureCerts: true, browserName: firefox, browserVersion: 77.0.1, javascriptEnabled: true, moz:accessibilityChecks: false, moz:buildID: 20200602222727, moz:geckodriverVersion: 0.26.0, moz:headless: false, moz:processID: 7212, moz:profile: C:\Users\Ashwini\AppData\Lo..., moz:shutdownTimeout: 60000, moz:useNonSpecCompliantPointerOrigin: false, moz:webdriverClick: true, pageLoadStrategy: normal, platform: WINDOWS, platformName: WINDOWS, platformVersion: 10.0, rotatable: false, setWindowRect: true, strictFileInteractability: false, timeouts: {implicit: 0, pageLoad: 300000, script: 30000}, unhandledPromptBehavior: dismiss and notify}
Session ID: 0b774bf5-cc2a-4e53-b35f-326f05bf6d0e
*** Element info: {Using=tag name, value=p}
at org.openqa.selenium.remote.http.W3CHttpResponseCodec.decode(W3CHttpResponseCodec.java:120)
at org.openqa.selenium.remote.http.W3CHttpResponseCodec.decode(W3CHttpResponseCodec.java:49)
at org.openqa.selenium.remote.HttpCommandExecutor.execute(HttpCommandExecutor.java:158)
at org.openqa.selenium.remote.service.DriverCommandExecutor.execute(DriverCommandExecutor.java:83)
at org.openqa.selenium.remote.RemoteWebDriver.execute(RemoteWebDriver.java:552)
at org.openqa.selenium.remote.RemoteWebDriver.findElement(RemoteWebDriver.java:323)
at org.openqa.selenium.remote.RemoteWebDriver.findElementByTagName(RemoteWebDriver.java:396)
at org.openqa.selenium.By$ByTagName.findElement(By.java:320)
at org.openqa.selenium.remote.RemoteWebDriver.findElement(RemoteWebDriver.java:315)
at org.openqa.selenium.support.pagefactory.DefaultElementLocator.findElement(DefaultElementLocator.java:69)
at org.openqa.selenium.support.pagefactory.internal.LocatingElementHandler.invoke(LocatingElementHandler.java:38)
at com.sun.proxy.$Proxy10.getText(Unknown Source)
at com.selenium.demo.pages.BasicAuthPage.loginMesg(BasicAuthPage.java:24)
at com.selenium.demo.tests.BasicAuthTest.sucessTestAuthontication(BasicAuthTest.java:28)
at java.util.ArrayList.forEach(ArrayList.java:1257)
... Removed 27 stack frames]]>
    </failure>
  </testcase> <!-- sucessTestAuthontication -->
  <testcase name="testHeaderCheckBox" time="10.533" classname="com.selenium.demo.tests.ContextMenuPageTest"/>
  <testcase name="testfrstStmt" time="0.162" classname="com.selenium.demo.tests.ContextMenuPageTest"/>
  <testcase name="testSecndContent" time="0.065" classname="com.selenium.demo.tests.ContextMenuPageTest"/>
  <testcase name="testAlertBox" time="1.582" classname="com.selenium.demo.tests.ContextMenuPageTest"/>
  <testcase name="testAboutBox" time="0.0" classname="com.selenium.demo.tests.DisAppearingElePageTest">
    <skipped/>
  </testcase> <!-- testAboutBox -->
  <testcase name="testContactUsButton" time="0.0" classname="com.selenium.demo.tests.DisAppearingElePageTest">
    <skipped/>
  </testcase> <!-- testContactUsButton -->
  <testcase name="testPortfolio" time="0.0" classname="com.selenium.demo.tests.DisAppearingElePageTest">
    <skipped/>
  </testcase> <!-- testPortfolio -->
  <testcase name="testGalleryButton" time="0.0" classname="com.selenium.demo.tests.DisAppearingElePageTest">
    <skipped/>
  </testcase> <!-- testGalleryButton -->
  <testcase name="testHomeButton" time="0.0" classname="com.selenium.demo.tests.DisAppearingElePageTest">
    <skipped/>
  </testcase> <!-- testHomeButton -->
  <testcase name="testHeaderOfDropDown" time="13.156" classname="com.selenium.demo.tests.DropDownPageTest"/>
  <testcase name="testdefaultValue" time="1.407" classname="com.selenium.demo.tests.DropDownPageTest"/>
  <testcase name="testOption1" time="1.162" classname="com.selenium.demo.tests.DropDownPageTest"/>
  <testcase name="testOption2" time="0.477" classname="com.selenium.demo.tests.DropDownPageTest"/>
</testsuite> <!-- Testing Of The-Internet -->
