<?xml version="1.0" encoding="UTF-8"?>
<!-- Generated by org.testng.reporters.JUnitXMLReporter -->
<testsuite hostname="DESKTOP-MEBP75C" ignored="0" name="Default test" tests="3" failures="0" timestamp="2020-06-28T20:12:55 IST" time="257.962" errors="0">
  <testcase name="testFirstHeader" time="1.143" classname="com.selenium.demo.tests.TestHomePage"/>
  <testcase name="testSecondHeader" time="0.574" classname="com.selenium.demo.tests.TestHomePage"/>
  <testcase name="tsetClickOnLink" time="215.83" classname="com.selenium.demo.tests.TestHomePage"/>
</testsuite> <!-- Default test -->
