<?xml version="1.0" encoding="UTF-8"?>
<testng-results skipped="0" failed="1" ignored="0" total="26" passed="25">
  <reporter-output>
  </reporter-output>
  <suite name="Suite" duration-ms="522266" started-at="2020-06-29T11:09:51 IST" finished-at="2020-06-29T11:18:33 IST">
    <groups>
    </groups>
    <test name="Testing Of The-Internet" duration-ms="522266" started-at="2020-06-29T11:09:51 IST" finished-at="2020-06-29T11:18:33 IST">
      <class name="com.selenium.demo.tests.DropDownPageTest">
        <test-method status="PASS" signature="launchBrowser()[pri:0, instance:com.selenium.demo.tests.DropDownPageTest@c46bcd4]" name="launchBrowser" is-config="true" duration-ms="21910" started-at="2020-06-29T11:17:52 IST" finished-at="2020-06-29T11:18:14 IST">
          <reporter-output>
          </reporter-output>
        </test-method> <!-- launchBrowser -->
        <test-method status="PASS" signature="testHeaderOfDropDown()[pri:22, instance:com.selenium.demo.tests.DropDownPageTest@c46bcd4]" name="testHeaderOfDropDown" duration-ms="3015" started-at="2020-06-29T11:18:14 IST" finished-at="2020-06-29T11:18:17 IST">
          <reporter-output>
          </reporter-output>
        </test-method> <!-- testHeaderOfDropDown -->
        <test-method status="PASS" signature="testdefaultValue()[pri:23, instance:com.selenium.demo.tests.DropDownPageTest@c46bcd4]" name="testdefaultValue" duration-ms="1639" started-at="2020-06-29T11:18:17 IST" finished-at="2020-06-29T11:18:19 IST">
          <reporter-output>
          </reporter-output>
        </test-method> <!-- testdefaultValue -->
        <test-method status="PASS" signature="testOption1()[pri:24, instance:com.selenium.demo.tests.DropDownPageTest@c46bcd4]" name="testOption1" duration-ms="1858" started-at="2020-06-29T11:18:19 IST" finished-at="2020-06-29T11:18:21 IST">
          <reporter-output>
          </reporter-output>
        </test-method> <!-- testOption1 -->
        <test-method status="PASS" signature="testOption2()[pri:25, instance:com.selenium.demo.tests.DropDownPageTest@c46bcd4]" name="testOption2" duration-ms="1904" started-at="2020-06-29T11:18:21 IST" finished-at="2020-06-29T11:18:23 IST">
          <reporter-output>
          </reporter-output>
        </test-method> <!-- testOption2 -->
        <test-method status="PASS" signature="closeDriver()[pri:0, instance:com.selenium.demo.tests.DropDownPageTest@c46bcd4]" name="closeDriver" is-config="true" duration-ms="10545" started-at="2020-06-29T11:18:23 IST" finished-at="2020-06-29T11:18:33 IST">
          <reporter-output>
          </reporter-output>
        </test-method> <!-- closeDriver -->
      </class> <!-- com.selenium.demo.tests.DropDownPageTest -->
      <class name="com.selenium.demo.tests.TestARElements">
        <test-method status="PASS" signature="launchBrowser()[pri:0, instance:com.selenium.demo.tests.TestARElements@6f195bc3]" name="launchBrowser" is-config="true" duration-ms="22289" started-at="2020-06-29T11:13:26 IST" finished-at="2020-06-29T11:13:48 IST">
          <reporter-output>
          </reporter-output>
        </test-method> <!-- launchBrowser -->
        <test-method status="PASS" signature="testHeader()[pri:5, instance:com.selenium.demo.tests.TestARElements@6f195bc3]" name="testHeader" duration-ms="2704" started-at="2020-06-29T11:13:48 IST" finished-at="2020-06-29T11:13:51 IST">
          <reporter-output>
          </reporter-output>
        </test-method> <!-- testHeader -->
        <test-method status="PASS" signature="testAddButton()[pri:6, instance:com.selenium.demo.tests.TestARElements@6f195bc3]" name="testAddButton" duration-ms="2047" started-at="2020-06-29T11:13:51 IST" finished-at="2020-06-29T11:13:53 IST">
          <reporter-output>
          </reporter-output>
        </test-method> <!-- testAddButton -->
        <test-method status="PASS" signature="testDelButton()[pri:7, instance:com.selenium.demo.tests.TestARElements@6f195bc3]" name="testDelButton" duration-ms="1883" started-at="2020-06-29T11:13:53 IST" finished-at="2020-06-29T11:13:55 IST">
          <reporter-output>
          </reporter-output>
        </test-method> <!-- testDelButton -->
        <test-method status="PASS" signature="closeDriver()[pri:0, instance:com.selenium.demo.tests.TestARElements@6f195bc3]" name="closeDriver" is-config="true" duration-ms="7609" started-at="2020-06-29T11:13:55 IST" finished-at="2020-06-29T11:14:02 IST">
          <reporter-output>
          </reporter-output>
        </test-method> <!-- closeDriver -->
      </class> <!-- com.selenium.demo.tests.TestARElements -->
      <class name="com.selenium.demo.tests.ContextMenuPageTest">
        <test-method status="PASS" signature="launchBrowser()[pri:0, instance:com.selenium.demo.tests.ContextMenuPageTest@2353b3e6]" name="launchBrowser" is-config="true" duration-ms="23220" started-at="2020-06-29T11:15:02 IST" finished-at="2020-06-29T11:15:25 IST">
          <reporter-output>
          </reporter-output>
        </test-method> <!-- launchBrowser -->
        <test-method status="PASS" signature="testHeaderCheckBox()[pri:12, instance:com.selenium.demo.tests.ContextMenuPageTest@2353b3e6]" name="testHeaderCheckBox" duration-ms="3751" started-at="2020-06-29T11:15:25 IST" finished-at="2020-06-29T11:15:29 IST">
          <reporter-output>
          </reporter-output>
        </test-method> <!-- testHeaderCheckBox -->
        <test-method status="PASS" signature="testfrstStmt()[pri:13, instance:com.selenium.demo.tests.ContextMenuPageTest@2353b3e6]" name="testfrstStmt" duration-ms="1531" started-at="2020-06-29T11:15:29 IST" finished-at="2020-06-29T11:15:31 IST">
          <reporter-output>
          </reporter-output>
        </test-method> <!-- testfrstStmt -->
        <test-method status="PASS" signature="testSecndCheckBox()[pri:14, instance:com.selenium.demo.tests.ContextMenuPageTest@2353b3e6]" name="testSecndCheckBox" duration-ms="1538" started-at="2020-06-29T11:15:31 IST" finished-at="2020-06-29T11:15:32 IST">
          <reporter-output>
          </reporter-output>
        </test-method> <!-- testSecndCheckBox -->
        <test-method status="PASS" signature="testAlertBox()[pri:15, instance:com.selenium.demo.tests.ContextMenuPageTest@2353b3e6]" name="testAlertBox" duration-ms="5365" started-at="2020-06-29T11:15:32 IST" finished-at="2020-06-29T11:15:38 IST">
          <reporter-output>
          </reporter-output>
        </test-method> <!-- testAlertBox -->
        <test-method status="PASS" signature="closeDriver()[pri:0, instance:com.selenium.demo.tests.ContextMenuPageTest@2353b3e6]" name="closeDriver" is-config="true" duration-ms="7343" started-at="2020-06-29T11:15:38 IST" finished-at="2020-06-29T11:15:45 IST">
          <reporter-output>
          </reporter-output>
        </test-method> <!-- closeDriver -->
      </class> <!-- com.selenium.demo.tests.ContextMenuPageTest -->
      <class name="com.selenium.demo.tests.DragAndDropPageTest">
        <test-method status="PASS" signature="launchBrowser()[pri:0, instance:com.selenium.demo.tests.DragAndDropPageTest@42f93a98]" name="launchBrowser" is-config="true" duration-ms="17173" started-at="2020-06-29T11:17:23 IST" finished-at="2020-06-29T11:17:40 IST">
          <reporter-output>
          </reporter-output>
        </test-method> <!-- launchBrowser -->
        <test-method status="PASS" signature="testHeaderCheckBox()[pri:21, instance:com.selenium.demo.tests.DragAndDropPageTest@42f93a98]" name="testHeaderCheckBox" duration-ms="4798" started-at="2020-06-29T11:17:40 IST" finished-at="2020-06-29T11:17:45 IST">
          <reporter-output>
          </reporter-output>
        </test-method> <!-- testHeaderCheckBox -->
        <test-method status="PASS" signature="closeDriver()[pri:0, instance:com.selenium.demo.tests.DragAndDropPageTest@42f93a98]" name="closeDriver" is-config="true" duration-ms="7530" started-at="2020-06-29T11:17:45 IST" finished-at="2020-06-29T11:17:52 IST">
          <reporter-output>
          </reporter-output>
        </test-method> <!-- closeDriver -->
      </class> <!-- com.selenium.demo.tests.DragAndDropPageTest -->
      <class name="com.selenium.demo.tests.TestHomePage">
        <test-method status="PASS" signature="launchBrowser()[pri:0, instance:com.selenium.demo.tests.TestHomePage@307f6b8c]" name="launchBrowser" is-config="true" duration-ms="24270" started-at="2020-06-29T11:09:51 IST" finished-at="2020-06-29T11:10:15 IST">
          <reporter-output>
          </reporter-output>
        </test-method> <!-- launchBrowser -->
        <test-method status="PASS" signature="testFirstHeader()[pri:0, instance:com.selenium.demo.tests.TestHomePage@307f6b8c]" name="testFirstHeader" duration-ms="725" started-at="2020-06-29T11:10:15 IST" finished-at="2020-06-29T11:10:16 IST">
          <reporter-output>
          </reporter-output>
        </test-method> <!-- testFirstHeader -->
        <test-method status="PASS" signature="testSecondHeader()[pri:1, instance:com.selenium.demo.tests.TestHomePage@307f6b8c]" name="testSecondHeader" duration-ms="533" started-at="2020-06-29T11:10:16 IST" finished-at="2020-06-29T11:10:17 IST">
          <reporter-output>
          </reporter-output>
        </test-method> <!-- testSecondHeader -->
        <test-method status="PASS" signature="tsetClickOnLink()[pri:2, instance:com.selenium.demo.tests.TestHomePage@307f6b8c]" name="tsetClickOnLink" duration-ms="136502" started-at="2020-06-29T11:10:17 IST" finished-at="2020-06-29T11:12:33 IST">
          <reporter-output>
          </reporter-output>
        </test-method> <!-- tsetClickOnLink -->
        <test-method status="PASS" signature="closeDriver()[pri:0, instance:com.selenium.demo.tests.TestHomePage@307f6b8c]" name="closeDriver" is-config="true" duration-ms="9499" started-at="2020-06-29T11:12:33 IST" finished-at="2020-06-29T11:12:43 IST">
          <reporter-output>
          </reporter-output>
        </test-method> <!-- closeDriver -->
      </class> <!-- com.selenium.demo.tests.TestHomePage -->
      <class name="com.selenium.demo.tests.CheckBoxPageTest">
        <test-method status="PASS" signature="launchBrowser()[pri:0, instance:com.selenium.demo.tests.CheckBoxPageTest@51e2adc7]" name="launchBrowser" is-config="true" duration-ms="17032" started-at="2020-06-29T11:14:02 IST" finished-at="2020-06-29T11:14:19 IST">
          <reporter-output>
          </reporter-output>
        </test-method> <!-- launchBrowser -->
        <test-method status="PASS" signature="testHeaderCheckBox()[pri:9, instance:com.selenium.demo.tests.CheckBoxPageTest@51e2adc7]" name="testHeaderCheckBox" duration-ms="2506" started-at="2020-06-29T11:14:19 IST" finished-at="2020-06-29T11:14:22 IST">
          <reporter-output>
          </reporter-output>
        </test-method> <!-- testHeaderCheckBox -->
        <test-method status="PASS" signature="testfrstCheckBox()[pri:10, instance:com.selenium.demo.tests.CheckBoxPageTest@51e2adc7]" name="testfrstCheckBox" duration-ms="1815" started-at="2020-06-29T11:14:22 IST" finished-at="2020-06-29T11:14:23 IST">
          <reporter-output>
          </reporter-output>
        </test-method> <!-- testfrstCheckBox -->
        <test-method status="PASS" signature="testSecndCheckBox()[pri:11, instance:com.selenium.demo.tests.CheckBoxPageTest@51e2adc7]" name="testSecndCheckBox" duration-ms="1567" started-at="2020-06-29T11:14:23 IST" finished-at="2020-06-29T11:14:25 IST">
          <reporter-output>
          </reporter-output>
        </test-method> <!-- testSecndCheckBox -->
        <test-method status="PASS" signature="closeDriver()[pri:0, instance:com.selenium.demo.tests.CheckBoxPageTest@51e2adc7]" name="closeDriver" is-config="true" duration-ms="6926" started-at="2020-06-29T11:14:25 IST" finished-at="2020-06-29T11:14:32 IST">
          <reporter-output>
          </reporter-output>
        </test-method> <!-- closeDriver -->
      </class> <!-- com.selenium.demo.tests.CheckBoxPageTest -->
      <class name="com.selenium.demo.tests.BasicAuthTest">
        <test-method status="PASS" signature="launchBrowser()[pri:0, instance:com.selenium.demo.tests.BasicAuthTest@1a8a8f7c]" name="launchBrowser" is-config="true" duration-ms="16882" started-at="2020-06-29T11:14:32 IST" finished-at="2020-06-29T11:14:49 IST">
          <reporter-output>
          </reporter-output>
        </test-method> <!-- launchBrowser -->
        <test-method status="PASS" signature="sucessTestAuthontication()[pri:8, instance:com.selenium.demo.tests.BasicAuthTest@1a8a8f7c]" name="sucessTestAuthontication" duration-ms="6542" started-at="2020-06-29T11:14:49 IST" finished-at="2020-06-29T11:14:55 IST">
          <reporter-output>
          </reporter-output>
        </test-method> <!-- sucessTestAuthontication -->
        <test-method status="PASS" signature="closeDriver()[pri:0, instance:com.selenium.demo.tests.BasicAuthTest@1a8a8f7c]" name="closeDriver" is-config="true" duration-ms="6727" started-at="2020-06-29T11:14:55 IST" finished-at="2020-06-29T11:15:02 IST">
          <reporter-output>
          </reporter-output>
        </test-method> <!-- closeDriver -->
      </class> <!-- com.selenium.demo.tests.BasicAuthTest -->
      <class name="com.selenium.demo.tests.TestABElements">
        <test-method status="PASS" signature="launchBrowser()[pri:0, instance:com.selenium.demo.tests.TestABElements@7a187f14]" name="launchBrowser" is-config="true" duration-ms="27575" started-at="2020-06-29T11:12:43 IST" finished-at="2020-06-29T11:13:10 IST">
          <reporter-output>
          </reporter-output>
        </test-method> <!-- launchBrowser -->
        <test-method status="PASS" signature="testHeader()[pri:3, instance:com.selenium.demo.tests.TestABElements@7a187f14]" name="testHeader" duration-ms="2752" started-at="2020-06-29T11:13:10 IST" finished-at="2020-06-29T11:13:13 IST">
          <reporter-output>
          </reporter-output>
        </test-method> <!-- testHeader -->
        <test-method status="PASS" signature="testContent()[pri:4, instance:com.selenium.demo.tests.TestABElements@7a187f14]" name="testContent" duration-ms="1529" started-at="2020-06-29T11:13:13 IST" finished-at="2020-06-29T11:13:15 IST">
          <reporter-output>
          </reporter-output>
        </test-method> <!-- testContent -->
        <test-method status="PASS" signature="closeDriver()[pri:0, instance:com.selenium.demo.tests.TestABElements@7a187f14]" name="closeDriver" is-config="true" duration-ms="11068" started-at="2020-06-29T11:13:15 IST" finished-at="2020-06-29T11:13:26 IST">
          <reporter-output>
          </reporter-output>
        </test-method> <!-- closeDriver -->
      </class> <!-- com.selenium.demo.tests.TestABElements -->
      <class name="com.selenium.demo.tests.DisAppearingElePageTest">
        <test-method status="PASS" signature="launchBrowser()[pri:0, instance:com.selenium.demo.tests.DisAppearingElePageTest@631330c]" name="launchBrowser" is-config="true" duration-ms="16763" started-at="2020-06-29T11:15:45 IST" finished-at="2020-06-29T11:16:02 IST">
          <reporter-output>
          </reporter-output>
        </test-method> <!-- launchBrowser -->
        <test-method status="PASS" signature="testAboutBox()[pri:16, instance:com.selenium.demo.tests.DisAppearingElePageTest@631330c]" name="testAboutBox" duration-ms="4093" started-at="2020-06-29T11:16:02 IST" finished-at="2020-06-29T11:16:06 IST">
          <reporter-output>
          </reporter-output>
        </test-method> <!-- testAboutBox -->
        <test-method status="PASS" signature="testContactUsButton()[pri:17, instance:com.selenium.demo.tests.DisAppearingElePageTest@631330c]" name="testContactUsButton" duration-ms="2537" started-at="2020-06-29T11:16:06 IST" finished-at="2020-06-29T11:16:08 IST">
          <reporter-output>
          </reporter-output>
        </test-method> <!-- testContactUsButton -->
        <test-method status="PASS" signature="testPortfolio()[pri:18, instance:com.selenium.demo.tests.DisAppearingElePageTest@631330c]" name="testPortfolio" duration-ms="2555" started-at="2020-06-29T11:16:08 IST" finished-at="2020-06-29T11:16:11 IST">
          <reporter-output>
          </reporter-output>
        </test-method> <!-- testPortfolio -->
        <test-method status="FAIL" signature="testGalleryButton()[pri:19, instance:com.selenium.demo.tests.DisAppearingElePageTest@631330c]" name="testGalleryButton" duration-ms="61770" started-at="2020-06-29T11:16:11 IST" finished-at="2020-06-29T11:17:13 IST">
          <exception class="org.openqa.selenium.NoSuchElementException">
            <message>
              <![CDATA[Unable to locate element: Gallery
For documentation on this error, please visit: https://www.seleniumhq.org/exceptions/no_such_element.html
Build info: version: '3.141.59', revision: 'e82be7d358', time: '2018-11-14T08:25:48'
System info: host: 'DESKTOP-MEBP75C', ip: '192.168.43.7', os.name: 'Windows 10', os.arch: 'amd64', os.version: '10.0', java.version: '1.8.0_171'
Driver info: org.openqa.selenium.firefox.FirefoxDriver
Capabilities {acceptInsecureCerts: true, browserName: firefox, browserVersion: 77.0.1, javascriptEnabled: true, moz:accessibilityChecks: false, moz:buildID: 20200602222727, moz:geckodriverVersion: 0.26.0, moz:headless: false, moz:processID: 13128, moz:profile: C:\Users\Ashwini\AppData\Lo..., moz:shutdownTimeout: 60000, moz:useNonSpecCompliantPointerOrigin: false, moz:webdriverClick: true, pageLoadStrategy: normal, platform: WINDOWS, platformName: WINDOWS, platformVersion: 10.0, rotatable: false, setWindowRect: true, strictFileInteractability: false, timeouts: {implicit: 0, pageLoad: 300000, script: 30000}, unhandledPromptBehavior: dismiss and notify}
Session ID: 1afc4edb-90af-4715-b263-777ed4b3bb53
*** Element info: {Using=link text, value=Gallery}]]>
            </message>
            <full-stacktrace>
              <![CDATA[org.openqa.selenium.NoSuchElementException: Unable to locate element: Gallery
For documentation on this error, please visit: https://www.seleniumhq.org/exceptions/no_such_element.html
Build info: version: '3.141.59', revision: 'e82be7d358', time: '2018-11-14T08:25:48'
System info: host: 'DESKTOP-MEBP75C', ip: '192.168.43.7', os.name: 'Windows 10', os.arch: 'amd64', os.version: '10.0', java.version: '1.8.0_171'
Driver info: org.openqa.selenium.firefox.FirefoxDriver
Capabilities {acceptInsecureCerts: true, browserName: firefox, browserVersion: 77.0.1, javascriptEnabled: true, moz:accessibilityChecks: false, moz:buildID: 20200602222727, moz:geckodriverVersion: 0.26.0, moz:headless: false, moz:processID: 13128, moz:profile: C:\Users\Ashwini\AppData\Lo..., moz:shutdownTimeout: 60000, moz:useNonSpecCompliantPointerOrigin: false, moz:webdriverClick: true, pageLoadStrategy: normal, platform: WINDOWS, platformName: WINDOWS, platformVersion: 10.0, rotatable: false, setWindowRect: true, strictFileInteractability: false, timeouts: {implicit: 0, pageLoad: 300000, script: 30000}, unhandledPromptBehavior: dismiss and notify}
Session ID: 1afc4edb-90af-4715-b263-777ed4b3bb53
*** Element info: {Using=link text, value=Gallery}
at sun.reflect.NativeConstructorAccessorImpl.newInstance0(Native Method)
at sun.reflect.NativeConstructorAccessorImpl.newInstance(NativeConstructorAccessorImpl.java:62)
at sun.reflect.DelegatingConstructorAccessorImpl.newInstance(DelegatingConstructorAccessorImpl.java:45)
at java.lang.reflect.Constructor.newInstance(Constructor.java:423)
at org.openqa.selenium.remote.http.W3CHttpResponseCodec.createException(W3CHttpResponseCodec.java:187)
at org.openqa.selenium.remote.http.W3CHttpResponseCodec.decode(W3CHttpResponseCodec.java:122)
at org.openqa.selenium.remote.http.W3CHttpResponseCodec.decode(W3CHttpResponseCodec.java:49)
at org.openqa.selenium.remote.HttpCommandExecutor.execute(HttpCommandExecutor.java:158)
at org.openqa.selenium.remote.service.DriverCommandExecutor.execute(DriverCommandExecutor.java:83)
at org.openqa.selenium.remote.RemoteWebDriver.execute(RemoteWebDriver.java:552)
at org.openqa.selenium.remote.RemoteWebDriver.findElement(RemoteWebDriver.java:323)
at org.openqa.selenium.remote.RemoteWebDriver.findElementByLinkText(RemoteWebDriver.java:380)
at org.openqa.selenium.By$ByLinkText.findElement(By.java:220)
at org.openqa.selenium.remote.RemoteWebDriver.findElement(RemoteWebDriver.java:315)
at org.openqa.selenium.support.pagefactory.DefaultElementLocator.findElement(DefaultElementLocator.java:69)
at org.openqa.selenium.support.pagefactory.internal.LocatingElementHandler.invoke(LocatingElementHandler.java:38)
at com.sun.proxy.$Proxy9.isDisplayed(Unknown Source)
at com.selenium.demo.pages.DisAppearingPage.clickOnGalleryButton(DisAppearingPage.java:147)
at com.selenium.demo.tests.DisAppearingElePageTest.testGalleryButton(DisAppearingElePageTest.java:53)
at sun.reflect.NativeMethodAccessorImpl.invoke0(Native Method)
at sun.reflect.NativeMethodAccessorImpl.invoke(NativeMethodAccessorImpl.java:62)
at sun.reflect.DelegatingMethodAccessorImpl.invoke(DelegatingMethodAccessorImpl.java:43)
at java.lang.reflect.Method.invoke(Method.java:498)
at org.testng.internal.MethodInvocationHelper.invokeMethod(MethodInvocationHelper.java:135)
at org.testng.internal.TestInvoker.invokeMethod(TestInvoker.java:598)
at org.testng.internal.TestInvoker.invokeTestMethod(TestInvoker.java:174)
at org.testng.internal.MethodRunner.runInSequence(MethodRunner.java:46)
at org.testng.internal.TestInvoker$MethodInvocationAgent.invoke(TestInvoker.java:821)
at org.testng.internal.TestInvoker.invokeTestMethods(TestInvoker.java:147)
at org.testng.internal.TestMethodWorker.invokeTestMethods(TestMethodWorker.java:146)
at org.testng.internal.TestMethodWorker.run(TestMethodWorker.java:128)
at java.util.ArrayList.forEach(ArrayList.java:1257)
at org.testng.TestRunner.privateRun(TestRunner.java:767)
at org.testng.TestRunner.run(TestRunner.java:588)
at org.testng.SuiteRunner.runTest(SuiteRunner.java:384)
at org.testng.SuiteRunner.runSequentially(SuiteRunner.java:378)
at org.testng.SuiteRunner.privateRun(SuiteRunner.java:337)
at org.testng.SuiteRunner.run(SuiteRunner.java:286)
at org.testng.SuiteRunnerWorker.runSuite(SuiteRunnerWorker.java:53)
at org.testng.SuiteRunnerWorker.run(SuiteRunnerWorker.java:96)
at org.testng.TestNG.runSuitesSequentially(TestNG.java:1214)
at org.testng.TestNG.runSuitesLocally(TestNG.java:1136)
at org.testng.TestNG.runSuites(TestNG.java:1066)
at org.testng.TestNG.run(TestNG.java:1034)
at org.testng.remote.AbstractRemoteTestNG.run(AbstractRemoteTestNG.java:115)
at org.testng.remote.RemoteTestNG.initAndRun(RemoteTestNG.java:251)
at org.testng.remote.RemoteTestNG.main(RemoteTestNG.java:77)
]]>
            </full-stacktrace>
          </exception> <!-- org.openqa.selenium.NoSuchElementException -->
          <reporter-output>
          </reporter-output>
        </test-method> <!-- testGalleryButton -->
        <test-method status="PASS" signature="testHomeButton()[pri:20, instance:com.selenium.demo.tests.DisAppearingElePageTest@631330c]" name="testHomeButton" duration-ms="3247" started-at="2020-06-29T11:17:13 IST" finished-at="2020-06-29T11:17:16 IST">
          <reporter-output>
          </reporter-output>
        </test-method> <!-- testHomeButton -->
        <test-method status="PASS" signature="closeDriver()[pri:0, instance:com.selenium.demo.tests.DisAppearingElePageTest@631330c]" name="closeDriver" is-config="true" duration-ms="6936" started-at="2020-06-29T11:17:16 IST" finished-at="2020-06-29T11:17:23 IST">
          <reporter-output>
          </reporter-output>
        </test-method> <!-- closeDriver -->
      </class> <!-- com.selenium.demo.tests.DisAppearingElePageTest -->
    </test> <!-- Testing Of The-Internet -->
  </suite> <!-- Suite -->
</testng-results>
